[BKLG-001] Se establecerá un archivo JSON de configuración para el flujo. Durante la instalación se deberá definir la ruta de trabajo, donde el proceso podrá encontrar los archivos fuente y, si es necesario, dónde registrar logs y generar archivos de salida.
[BKLG-002] Se deberá manejar la URL del aplicativo de nómina, la ubicación de logs y la ruta del archivo fuente de Excel desde un archivo de configuración `config.json`, cargado desde el inicio de la corrida, para evitar rutas quemadas dentro del flujo y centralizar parámetros especiales de ejecución.
[BKLG-003] Las variables de configuración del flujo deberán persistirse en `config.json` y leerse al arranque de la ejecución, de manera que parámetros como URL del aplicativo, rutas de logs, archivo fuente y demás valores de entorno se inicialicen desde configuración y no desde valores quemados en el flujo.
[BKLG-004] Se evaluará como alternativa la captura de credenciales a través de una interfaz al inicio del proceso, para los casos en que no se disponga de almacenamiento seguro preconfigurado o se requiera autenticación ingresada por el usuario en tiempo de ejecución.
[BKLG-005] Se deberá definir el mecanismo de captura del periodo objetivo de procesamiento al inicio de la corrida, posiblemente mediante interfaz interactiva, para registrar al menos mes, año y alcance de periodo de nómina (`1RA QUINCENA`, `2DA QUINCENA` o `MES_COMPLETO`) y pasarlo a los subflujos de validación y procesamiento.
[BKLG-006] Se implementará una línea de trabajo para catálogo de conceptos por empresa, con resolución determinística como primera opción mediante archivo de equivalencias configurable y normalización de textos; si no existe coincidencia exacta, se evaluará un fallback controlado apoyado en IA únicamente para seleccionar entre candidatos reales devueltos por el sistema o por el catálogo, tanto para conceptos como, de forma opcional, para búsquedas ambiguas de empleados por nombre parcial.
[BKLG-007] Se deberá definir la estructura física del catálogo de conceptos por empresa, preferiblemente en un archivo externo configurable, con al menos empresa, concepto fuente normalizado, concepto sistema, código sistema, estado activo e información de tipo de registro.
[BKLG-008] Se deberá construir un subflujo `SF_ResolverCatalogoConceptosNomina` que consuma la salida de `SF_ExpandirConceptosNomina` sin releer Excel y marque cada concepto como `RESUELTO`, `AMBIGUO`, `NO_ENCONTRADO` o `DESCARTADO`, dejando preparado el insumo para resolución de empleado y registro en UI.
[BKLG-009] La primera implementacion del catalogo de conceptos por empresa se soportara en JSON externo ubicado en `C:\Dev\Aspraco\config`. Se debe definir nombre de archivo, estructura minima y mecanismo de carga desde PAD.
[BKLG-010] Se deberá evolucionar `SF_ExpandirConceptosNomina` hacia una detección más amplia de items de nómina, diferenciando conceptos explícitos por columna, eventos derivados calculables desde la observación y menciones textuales sin respaldo estructural.
[BKLG-011] Se deberá diseñar e implementar un subflujo `SF_ConciliarItemsNomina` que reciba la salida expandida y clasifique cada item como `CONCILIADO`, `DERIVADO_CALCULABLE`, `TEXTO_SIN_RESPALDO` o `CONFLICTO`, definiendo además si permite autorregistro.
[BKLG-012] Se deberá ajustar `SF_ExpandirConceptosNomina` para emitir una segunda salida `gListaNovedadesTextoPendientes`, donde se preserven filas con novedad textual relevante que no tengan concepto materializado suficiente o que contengan texto adicional no respaldado por columnas.
[BKLG-013] Se deberá diseñar un subflujo `SF_DetectarEventosDesdeNovedadNomina` que consuma `gListaNovedadesTextoPendientes` y produzca candidatos de evento textual sin alterar el contrato material de `SF_ExpandirConceptosNomina`.
[BKLG-014] Se deberá reemplazar el enfoque heurístico de `SF_DetectarEventosDesdeNovedadNomina` por un subflujo `SF_AnalizarNovedadTextoNomina`, orientado a IA controlada para segmentar textos libres, extraer fragmentos, montos, días y señales de cálculo, sin autorizar registro ni resolver catálogo final.
[BKLG-015] Se deberá definir la configuración técnica de `SF_AnalizarNovedadTextoNomina` dentro de la llave `analisisNovedadTextoIA` de `config.json` en `C:\Dev\Aspraco\config`, incluyendo proveedor IA, modelo, endpoint o mecanismo de invocación, alias de credencial segura, timeout y estrategia de logging para respuestas de depuración.
[BKLG-016] Se deberá incorporar en `SF_Init` o en una fase temprana de configuración la lectura de la llave `analisisNovedadTextoIA` desde `config.json`, incluyendo `proveedorIA`, `modeloIA`, `endpointIA`, `credentialAliasIA`, `timeoutIAsegundos` y `debugIA`.
[BKLG-017] Se deberá agregar una salida persistente en Excel para `SF_AnalizarNovedadTextoNomina`, preferiblemente en `C:\Dev\Aspraco\bandeja_trabajo\salidas` o ruta configurable equivalente, con una estructura tabular que permita revisar por fila: contexto fuente, fragmento sugerido por IA, tipo sugerido, monto, días, nivel de confianza y bandera de revisión.
[BKLG-018] Se deberá definir el formato operativo de validación humana para resultados de IA usando un archivo Excel de revisión como mecanismo principal. No se priorizará por ahora una interacción inline compleja en PAD.
[BKLG-019] Se deberá ajustar el prompt de `SF_AnalizarNovedadTextoNomina` para que produzca salidas más útiles para la conciliación posterior, diferenciando con mayor claridad si el fragmento corresponde a texto sin respaldo, evento calculable o indicio de concepto material faltante, sin autorizar nunca valores fantasma.
[BKLG-020] Se deberá diseñar `SF_ConciliarItemsNomina` para cruzar `gListaConceptosNominaExpandidos` y `gListaNovedadesTextoAnalizadas`, consolidar conflictos o complementariedades por fila, y preparar un archivo de revisión previo a la resolución de catálogo y al registro UI.
[BKLG-021] Se deberá diseñar una estrategia de reutilización del análisis IA persistido en Excel, para evitar reejecutar llamados costosos cuando el registro fuente no haya cambiado. Esto implica definir una llave de comparación estable, por ejemplo archivo origen, hoja, fila, texto original y versión del prompt.
[BKLG-022] Se deberá definir una plantilla base de Excel para evidencias y validación. Cada corrida generará un nuevo archivo por `IdEjecucion` a partir de esa plantilla, sin sobreescribir la base.
[BKLG-023] Se deberá definir la estructura de hojas del archivo Excel por `IdEjecucion`. La primera hoja obligatoria será `novedadesTexto` y posteriormente se agregarán hojas como `conciliacionNomina`, `catalogoNomina` y otras necesarias para la operación.
[BKLG-024] Se deberá implementar en `SF_Init` o en un subflujo temprano la construcción del nombre de archivo `Analisis_Novedades_<MES>_<ANO>_<PERIODO>_<IdEjecucion>.xlsx`, incluyendo la derivación del token de periodo (`1Q`, `2Q`, `MC`) y la copia de `Plantilla_Analisis_Novedades.xlsx` desde `pDirectorioPlantillas` hacia `pDirectorioSalidas`.
